Determining if the pthread_create exist failed with the following output:
Change Dir: /home/piptouque/Documents/projets_gite/world_imaker/cmake-build-debug/CMakeFiles/CMakeTmp

Run Build Command:"/usr/bin/make" "cmTC_86534/fast"
/usr/bin/make -f CMakeFiles/cmTC_86534.dir/build.make CMakeFiles/cmTC_86534.dir/build
make[1] : on entre dans le répertoire « /home/piptouque/Documents/projets_gite/world_imaker/cmake-build-debug/CMakeFiles/CMakeTmp »
Building C object CMakeFiles/cmTC_86534.dir/CheckSymbolExists.c.o
/usr/bin/cc    -o CMakeFiles/cmTC_86534.dir/CheckSymbolExists.c.o   -c /home/piptouque/Documents/projets_gite/world_imaker/cmake-build-debug/CMakeFiles/CMakeTmp/CheckSymbolExists.c
Linking C executable cmTC_86534
/usr/bin/cmake -E cmake_link_script CMakeFiles/cmTC_86534.dir/link.txt --verbose=1
/usr/bin/cc      CMakeFiles/cmTC_86534.dir/CheckSymbolExists.c.o  -o cmTC_86534 
/usr/bin/ld : CMakeFiles/cmTC_86534.dir/CheckSymbolExists.c.o : dans la fonction « main » :
CheckSymbolExists.c:(.text+0x1b) : référence indéfinie vers « pthread_create »
collect2: error: ld returned 1 exit status
make[1]: *** [CMakeFiles/cmTC_86534.dir/build.make:87: cmTC_86534] Error 1
make[1] : on quitte le répertoire « /home/piptouque/Documents/projets_gite/world_imaker/cmake-build-debug/CMakeFiles/CMakeTmp »
make: *** [Makefile:121: cmTC_86534/fast] Error 2

File /home/piptouque/Documents/projets_gite/world_imaker/cmake-build-debug/CMakeFiles/CMakeTmp/CheckSymbolExists.c:
/* */
#include <pthread.h>

int main(int argc, char** argv)
{
  (void)argv;
#ifndef pthread_create
  return ((int*)(&pthread_create))[argc];
#else
  (void)argc;
  return 0;
#endif
}

Determining if the function pthread_create exists in the pthreads failed with the following output:
Change Dir: /home/piptouque/Documents/projets_gite/world_imaker/cmake-build-debug/CMakeFiles/CMakeTmp

Run Build Command:"/usr/bin/make" "cmTC_32b2f/fast"
/usr/bin/make -f CMakeFiles/cmTC_32b2f.dir/build.make CMakeFiles/cmTC_32b2f.dir/build
make[1] : on entre dans le répertoire « /home/piptouque/Documents/projets_gite/world_imaker/cmake-build-debug/CMakeFiles/CMakeTmp »
Building C object CMakeFiles/cmTC_32b2f.dir/CheckFunctionExists.c.o
/usr/bin/cc   -DCHECK_FUNCTION_EXISTS=pthread_create   -o CMakeFiles/cmTC_32b2f.dir/CheckFunctionExists.c.o   -c /usr/share/cmake-3.13/Modules/CheckFunctionExists.c
Linking C executable cmTC_32b2f
/usr/bin/cmake -E cmake_link_script CMakeFiles/cmTC_32b2f.dir/link.txt --verbose=1
/usr/bin/cc  -DCHECK_FUNCTION_EXISTS=pthread_create    CMakeFiles/cmTC_32b2f.dir/CheckFunctionExists.c.o  -o cmTC_32b2f -lpthreads 
/usr/bin/ld : ne peut trouver -lpthreads
collect2: error: ld returned 1 exit status
make[1]: *** [CMakeFiles/cmTC_32b2f.dir/build.make:87: cmTC_32b2f] Error 1
make[1] : on quitte le répertoire « /home/piptouque/Documents/projets_gite/world_imaker/cmake-build-debug/CMakeFiles/CMakeTmp »
make: *** [Makefile:121: cmTC_32b2f/fast] Error 2


Performing C SOURCE FILE Test CMAKE_HAVE_LIBC_PTHREAD failed with the following output:
Change Dir: /home/piptouque/Documents/projets_gite/world_imaker/cmake-build-debug/CMakeFiles/CMakeTmp

Run Build Command(s):/usr/bin/make cmTC_43311/fast && /usr/bin/make -f CMakeFiles/cmTC_43311.dir/build.make CMakeFiles/cmTC_43311.dir/build
make[1] : on entre dans le répertoire « /home/piptouque/Documents/projets_gite/world_imaker/cmake-build-debug/CMakeFiles/CMakeTmp »
Building C object CMakeFiles/cmTC_43311.dir/src.c.o
/usr/bin/cc   -DCMAKE_HAVE_LIBC_PTHREAD   -o CMakeFiles/cmTC_43311.dir/src.c.o   -c /home/piptouque/Documents/projets_gite/world_imaker/cmake-build-debug/CMakeFiles/CMakeTmp/src.c
Linking C executable cmTC_43311
/snap/clion/92/bin/cmake/linux/bin/cmake -E cmake_link_script CMakeFiles/cmTC_43311.dir/link.txt --verbose=1
/usr/bin/cc  -DCMAKE_HAVE_LIBC_PTHREAD    CMakeFiles/cmTC_43311.dir/src.c.o  -o cmTC_43311 
/usr/bin/ld : CMakeFiles/cmTC_43311.dir/src.c.o : dans la fonction « main » :
src.c:(.text+0x3e) : référence indéfinie vers « pthread_create »
/usr/bin/ld : src.c:(.text+0x4a) : référence indéfinie vers « pthread_detach »
/usr/bin/ld : src.c:(.text+0x5b) : référence indéfinie vers « pthread_join »
collect2: error: ld returned 1 exit status
make[1]: *** [CMakeFiles/cmTC_43311.dir/build.make:87: cmTC_43311] Error 1
make[1] : on quitte le répertoire « /home/piptouque/Documents/projets_gite/world_imaker/cmake-build-debug/CMakeFiles/CMakeTmp »
make: *** [Makefile:121: cmTC_43311/fast] Error 2


Source file was:
#include <pthread.h>

void* test_func(void* data)
{
  return data;
}

int main(void)
{
  pthread_t thread;
  pthread_create(&thread, NULL, test_func, NULL);
  pthread_detach(thread);
  pthread_join(thread, NULL);
  pthread_atfork(NULL, NULL, NULL);
  pthread_exit(NULL);

  return 0;
}

